<?xml version="1.0" encoding="UTF-8"?>
<testng-results skipped="0" failed="0" total="3" passed="3">
  <reporter-output>
  </reporter-output>
  <suite name="Default suite" duration-ms="4062" started-at="2020-04-23T14:35:42Z" finished-at="2020-04-23T14:35:46Z">
    <groups>
    </groups>
    <test name="Default test" duration-ms="4062" started-at="2020-04-23T14:35:42Z" finished-at="2020-04-23T14:35:46Z">
      <class name="testNG_api.NewTest">
        <test-method status="PASS" signature="addbook(java.lang.String, java.lang.String)[pri:0, instance:testNG_api.NewTest@78c03f1f]" name="addbook" duration-ms="3060" started-at="2020-04-23T15:35:42Z" data-provider="bookdata" finished-at="2020-04-23T15:35:45Z">
          <params>
            <param index="0">
              <value>
                <![CDATA[selenium]]>
              </value>
            </param>
            <param index="1">
              <value>
                <![CDATA[123]]>
              </value>
            </param>
          </params>
          <reporter-output>
          </reporter-output>
        </test-method> <!-- addbook -->
        <test-method status="PASS" signature="addbook(java.lang.String, java.lang.String)[pri:0, instance:testNG_api.NewTest@78c03f1f]" name="addbook" duration-ms="520" started-at="2020-04-23T15:35:45Z" data-provider="bookdata" finished-at="2020-04-23T15:35:45Z">
          <params>
            <param index="0">
              <value>
                <![CDATA[python]]>
              </value>
            </param>
            <param index="1">
              <value>
                <![CDATA[234]]>
              </value>
            </param>
          </params>
          <reporter-output>
          </reporter-output>
        </test-method> <!-- addbook -->
        <test-method status="PASS" signature="addbook(java.lang.String, java.lang.String)[pri:0, instance:testNG_api.NewTest@78c03f1f]" name="addbook" duration-ms="464" started-at="2020-04-23T15:35:45Z" data-provider="bookdata" finished-at="2020-04-23T15:35:46Z">
          <params>
            <param index="0">
              <value>
                <![CDATA[ruby]]>
              </value>
            </param>
            <param index="1">
              <value>
                <![CDATA[567]]>
              </value>
            </param>
          </params>
          <reporter-output>
          </reporter-output>
        </test-method> <!-- addbook -->
      </class> <!-- testNG_api.NewTest -->
    </test> <!-- Default test -->
  </suite> <!-- Default suite -->
</testng-results>
